<?xml version="1.0" encoding="UTF-8"?>
<testsuite xmlns:xsi="http://www.w3.org/2001/XMLSchema-instance" xsi:noNamespaceSchemaLocation="https://maven.apache.org/surefire/maven-surefire-plugin/xsd/surefire-test-report.xsd" version="3.0.2" name="io.pdfalyzer.book.ch12.SignatureExplorerTest" time="1.706" tests="4" errors="0" skipped="0" failures="0">
  <properties>
[...]
</properties>
  <testcase name="shouldDetectNoSignaturesInBlankPdf" classname="io.pdfalyzer.book.ch12.SignatureExplorerTest" time="0.171"/>
  <testcase name="shouldExploreUnsignedField" classname="io.pdfalyzer.book.ch12.SignatureExplorerTest" time="0.544">
    <system-err><![CDATA[März 06, 2026 11:49:59 PM org.apache.fontbox.ttf.CmapSubtable processSubtype14
WARNUNG: Format 14 cmap table is not supported and will be ignored
März 06, 2026 11:49:59 PM org.apache.fontbox.ttf.gsub.GlyphSubstitutionDataExtractor putNewSubstitutionEntry
WARNUNG: For the newGlyph: 21311, newValue: [2111, 2188] is trying to override the oldValue: 15775
März 06, 2026 11:49:59 PM org.apache.fontbox.ttf.gsub.GlyphSubstitutionDataExtractor putNewSubstitutionEntry
WARNUNG: For the newGlyph: 21312, newValue: [2113, 2188] is trying to override the oldValue: 15776
März 06, 2026 11:49:59 PM org.apache.fontbox.ttf.gsub.GlyphSubstitutionDataExtractor putNewSubstitutionEntry
WARNUNG: For the newGlyph: 21313, newValue: [2115, 2188] is trying to override the oldValue: 15777
März 06, 2026 11:49:59 PM org.apache.fontbox.ttf.gsub.GlyphSubstitutionDataExtractor putNewSubstitutionEntry
WARNUNG: For the newGlyph: 21314, newValue: [2117, 2188] is trying to override the oldValue: 15778
März 06, 2026 11:49:59 PM org.apache.fontbox.ttf.gsub.GlyphSubstitutionDataExtractor putNewSubstitutionEntry
WARNUNG: For the newGlyph: 21315, newValue: [2119, 2188] is trying to override the oldValue: 15779
März 06, 2026 11:49:59 PM org.apache.fontbox.ttf.gsub.GlyphSubstitutionDataExtractor putNewSubstitutionEntry
WARNUNG: For the newGlyph: 21316, newValue: [2205, 2188] is trying to override the oldValue: 15780
März 06, 2026 11:49:59 PM org.apache.fontbox.ttf.gsub.GlyphSubstitutionDataExtractor putNewSubstitutionEntry
WARNUNG: For the newGlyph: 21317, newValue: [2207, 2188] is trying to override the oldValue: 15781
März 06, 2026 11:49:59 PM org.apache.fontbox.ttf.gsub.GlyphSubstitutionDataExtractor putNewSubstitutionEntry
WARNUNG: For the newGlyph: 21318, newValue: [2209, 2188] is trying to override the oldValue: 15782
März 06, 2026 11:49:59 PM org.apache.fontbox.ttf.gsub.GlyphSubstitutionDataExtractor putNewSubstitutionEntry
WARNUNG: For the newGlyph: 21319, newValue: [2211, 2188] is trying to override the oldValue: 15783
März 06, 2026 11:49:59 PM org.apache.fontbox.ttf.gsub.GlyphSubstitutionDataExtractor putNewSubstitutionEntry
WARNUNG: For the newGlyph: 21320, newValue: [2213, 2188] is trying to override the oldValue: 15784
März 06, 2026 11:49:59 PM org.apache.fontbox.ttf.gsub.GlyphSubstitutionDataExtractor putNewSubstitutionEntry
WARNUNG: For the newGlyph: 21321, newValue: [2221, 2188] is trying to override the oldValue: 15785
März 06, 2026 11:49:59 PM org.apache.fontbox.ttf.gsub.GlyphSubstitutionDataExtractor putNewSubstitutionEntry
WARNUNG: For the newGlyph: 21322, newValue: [2230, 2188] is trying to override the oldValue: 15786
März 06, 2026 11:49:59 PM org.apache.fontbox.ttf.gsub.GlyphSubstitutionDataExtractor putNewSubstitutionEntry
WARNUNG: For the newGlyph: 21323, newValue: [2234, 2188] is trying to override the oldValue: 15787
]]></system-err>
  </testcase>
  <testcase name="shouldExtractSignatureDictKeys" classname="io.pdfalyzer.book.ch12.SignatureExplorerTest" time="0.032"/>
  <testcase name="shouldExtractCmsDetails" classname="io.pdfalyzer.book.ch12.SignatureExplorerTest" time="0.014"/>
</testsuite>